<?xml version="1.0" encoding="UTF-8"?>
<testng-results ignored="0" total="2" passed="2" failed="0" skipped="0">
  <reporter-output>
  </reporter-output>
  <suite started-at="2026-04-11T23:20:01 IST" name="Default suite" finished-at="2026-04-11T23:20:09 IST" duration-ms="8127">
    <groups>
    </groups>
    <test started-at="2026-04-11T23:20:01 IST" name="Default test" finished-at="2026-04-11T23:20:09 IST" duration-ms="8127">
      <class name="testscript.Sample">
        <test-method is-config="true" signature="browserInitialisation()[pri:0, instance:testscript.Sample@55182842]" started-at="2026-04-11T23:20:01 IST" name="browserInitialisation" finished-at="2026-04-11T23:20:06 IST" duration-ms="5486" status="PASS">
          <reporter-output>
          </reporter-output>
        </test-method> <!-- browserInitialisation -->
        <test-method signature="show()[pri:1, instance:testscript.Sample@55182842]" started-at="2026-04-11T23:20:06 IST" name="show" finished-at="2026-04-11T23:20:07 IST" duration-ms="10" status="PASS">
          <reporter-output>
          </reporter-output>
        </test-method> <!-- show -->
        <test-method is-config="true" signature="browserInitialisation()[pri:0, instance:testscript.Sample@55182842]" started-at="2026-04-11T23:20:07 IST" name="browserInitialisation" finished-at="2026-04-11T23:20:09 IST" duration-ms="2567" status="PASS">
          <reporter-output>
          </reporter-output>
        </test-method> <!-- browserInitialisation -->
        <test-method signature="display()[pri:2, instance:testscript.Sample@55182842]" started-at="2026-04-11T23:20:09 IST" name="display" finished-at="2026-04-11T23:20:09 IST" duration-ms="2" status="PASS">
          <reporter-output>
          </reporter-output>
        </test-method> <!-- display -->
      </class> <!-- testscript.Sample -->
    </test> <!-- Default test -->
  </suite> <!-- Default suite -->
</testng-results>
