<?xml version="1.0" encoding="UTF-8"?>
<!-- Generated by org.testng.reporters.JUnitXMLReporter -->
<testsuite ignored="2" hostname="DESKTOP-THG0GN9" failures="0" tests="2" name="FirefoxTest" time="2.367" errors="0" timestamp="2026-04-26T11:50:05 IST">
  <testcase classname="testscript.LoginTest" name="verifyTheUserisAbletoLoginUsingValidCredentials" time="0.0">
    <skipped/>
  </testcase> <!-- verifyTheUserisAbletoLoginUsingValidCredentials -->
  <testcase classname="testscript.LoginTest" name="validUserNameInvalidPassword" time="0.0">
    <skipped/>
  </testcase> <!-- validUserNameInvalidPassword -->
  <testcase classname="testscript.LoginTest" name="invalidUserNameValidPassword" time="0.0">
    <ignored/>
  </testcase> <!-- invalidUserNameValidPassword -->
  <testcase classname="testscript.LoginTest" name="invalidUserNameInvalidPassword" time="0.0">
    <ignored/>
  </testcase> <!-- invalidUserNameInvalidPassword -->
</testsuite> <!-- FirefoxTest -->
