<?xml version="1.0" encoding="UTF-8"?>
<!-- Generated by org.testng.reporters.JUnitXMLReporter -->
<testsuite ignored="3" hostname="DESKTOP-THG0GN9" failures="0" tests="1" name="Default test" time="5.796" errors="0" timestamp="2026-04-11T19:52:19 IST">
  <testcase classname="testscript.Login" name="incorrectUsernameIncorrectPassword" time="0.979"/>
  <testcase classname="testscript.Login" name="correctUsernameIncorrectPassword" time="0.0">
    <ignored/>
  </testcase> <!-- correctUsernameIncorrectPassword -->
  <testcase classname="testscript.Login" name="incorrectUsernamecorrectPassword" time="0.0">
    <ignored/>
  </testcase> <!-- incorrectUsernamecorrectPassword -->
  <testcase classname="testscript.Login" name="correctUsernameCorrectPassword" time="0.0">
    <ignored/>
  </testcase> <!-- correctUsernameCorrectPassword -->
</testsuite> <!-- Default test -->
