<?xml version="1.0" encoding="UTF-8"?>
<testng-results ignored="3" total="4" passed="1" failed="0" skipped="0">
  <reporter-output>
  </reporter-output>
  <suite started-at="2026-05-03T20:54:30 IST" name="Suite" finished-at="2026-05-03T20:54:50 IST" duration-ms="19938">
    <groups>
      <group name="regression">
        <method signature="LoginTest.verifyTheUserisAbletoLoginUsingValidCredentials()[pri:1, instance:testscript.LoginTest@7c7a06ec]" name="verifyTheUserisAbletoLoginUsingValidCredentials" class="testscript.LoginTest"/>
      </group> <!-- regression -->
    </groups>
    <test started-at="2026-05-03T20:54:30 IST" name="Test" finished-at="2026-05-03T20:54:50 IST" duration-ms="19938">
      <class name="testscript.LoginTest">
        <test-method is-config="true" signature="browserInitialisation(java.lang.String)[pri:0, instance:testscript.LoginTest@7c7a06ec]" started-at="2026-05-03T20:54:30 IST" name="browserInitialisation" finished-at="2026-05-03T20:54:42 IST" duration-ms="12038" status="PASS">
          <params>
            <param index="0">
              <value>
                <![CDATA[Chrome]]>
              </value>
            </param>
          </params>
          <reporter-output>
          </reporter-output>
        </test-method> <!-- browserInitialisation -->
        <test-method signature="verifyTheUserisAbletoLoginUsingValidCredentials()[pri:1, instance:testscript.LoginTest@7c7a06ec]" started-at="2026-05-03T20:54:42 IST" name="verifyTheUserisAbletoLoginUsingValidCredentials" finished-at="2026-05-03T20:54:50 IST" duration-ms="7840" status="PASS">
          <reporter-output>
          </reporter-output>
        </test-method> <!-- verifyTheUserisAbletoLoginUsingValidCredentials -->
      </class> <!-- testscript.LoginTest -->
    </test> <!-- Test -->
  </suite> <!-- Suite -->
</testng-results>
