<?xml version="1.0" encoding="UTF-8"?>
<testng-results ignored="3" total="4" passed="1" failed="0" skipped="0">
  <reporter-output>
  </reporter-output>
  <suite started-at="2026-04-11T19:52:13 IST" name="Default suite" finished-at="2026-04-11T19:52:19 IST" duration-ms="5796">
    <groups>
    </groups>
    <test started-at="2026-04-11T19:52:13 IST" name="Default test" finished-at="2026-04-11T19:52:19 IST" duration-ms="5796">
      <class name="testscript.Login">
        <test-method is-config="true" signature="browserInitialisation()[pri:0, instance:testscript.Login@14cd1699]" started-at="2026-04-11T19:52:13 IST" name="browserInitialisation" finished-at="2026-04-11T19:52:18 IST" duration-ms="4773" status="PASS">
          <reporter-output>
          </reporter-output>
        </test-method> <!-- browserInitialisation -->
        <test-method signature="incorrectUsernameIncorrectPassword()[pri:0, instance:testscript.Login@14cd1699]" started-at="2026-04-11T19:52:18 IST" name="incorrectUsernameIncorrectPassword" finished-at="2026-04-11T19:52:19 IST" duration-ms="979" status="PASS">
          <reporter-output>
          </reporter-output>
        </test-method> <!-- incorrectUsernameIncorrectPassword -->
      </class> <!-- testscript.Login -->
    </test> <!-- Default test -->
  </suite> <!-- Default suite -->
</testng-results>
