<?xml version="1.0" encoding="UTF-8"?>
<!-- Generated by org.testng.reporters.JUnitXMLReporter -->
<testsuite ignored="3" hostname="DESKTOP-THG0GN9" failures="0" tests="1" name="Test" time="19.938" errors="0" timestamp="2026-05-03T20:54:50 IST">
  <testcase classname="testscript.LoginTest" name="verifyTheUserisAbletoLoginUsingValidCredentials" time="7.84"/>
  <testcase classname="testscript.LoginTest" name="validUserNameInvalidPassword" time="0.0">
    <ignored/>
  </testcase> <!-- validUserNameInvalidPassword -->
  <testcase classname="testscript.LoginTest" name="invalidUserNameInvalidPassword" time="0.0">
    <ignored/>
  </testcase> <!-- invalidUserNameInvalidPassword -->
  <testcase classname="testscript.LoginTest" name="invalidUserNameValidPassword" time="0.0">
    <ignored/>
  </testcase> <!-- invalidUserNameValidPassword -->
</testsuite> <!-- Test -->
