<?xml version="1.0" encoding="UTF-8"?>
<!-- Generated by org.testng.reporters.JUnitReportReporter -->
<testsuite hostname="DESKTOP-THG0GN9" failures="0" tests="4" name="testscript.Login" time="18.793" errors="0" timestamp="2026-04-13T20:19:48 IST" skipped="0">
  <testcase classname="testscript.Login" name="correctUsernameIncorrectPassword" time="3.528"/>
  <testcase classname="testscript.Login" name="incorrectUsernameIncorrectPassword" time="5.696"/>
  <testcase classname="testscript.Login" name="incorrectUsernamecorrectPassword" time="6.399"/>
  <testcase classname="testscript.Login" name="correctUsernameCorrectPassword" time="3.170"/>
</testsuite> <!-- testscript.Login -->
